=== Job Scrape Started: Fri May 22 02:43:02 AM IST 2026 ===
Some characters could not be decoded, and were replaced with REPLACEMENT CHARACTER.
Initiating comprehensive live scrape of www.sarkariresult.com...
Found 8 listing sections on the page.
Initiating deep archive scrape of latestjob.php...
Found 3682 deep archive job links.
Beginning concurrent Deep Crawl of all details pages to fetch direct official links...
  Scraping direct details for [result] -> RPSC Sub Inspector Telecom 2024 PET Result...
  Scraping direct details for [result] -> Railway RRB Technician Grade I Result CEN 02/2025...
  Scraping direct details for [result] -> UPSC Exam Calendar 2027...
  Scraping direct details for [result] -> DSSSB PGT Sanskrit Result 2026...
  Scraping direct details for [result] -> MPESB MP Police SI Phase II Mains Result 2026...
  Scraping direct details for [result] -> UPSSSC Pharmacist Eligibility Result 2026...
  Scraping direct details for [result] -> MHA IB ACIO Tech 2025 Final Result...
  Scraping direct details for [result] -> UPPSC LT Grade Assistant Teacher Computer Result 2026...
  Scraping direct details for [result] -> Rajasthan High Court Chauffeur, Driver Result 2026...
  Scraping direct details for [result] -> RSSB Stenographer 2024 Typing Test Result...
  Scraping direct details for [result] -> NTA NTET Result 2026...
  Scraping direct details for [result] -> CBSE Group A, B, C Tier II Exam Result 2026...
  Scraping direct details for [result] -> SSC CGL 2025 Final Result...
  Scraping direct details for [result] -> Haryana Board HBSE Class 10th Result 2026...
  Scraping direct details for [result] -> CBSE Board Class 12th Result 2026...
  Scraping direct details for [result] -> Railway RRB Junior Engineer CEN 05/2025 Result with Score Card...
  Scraping direct details for [result] -> Haryana Board HBSE Class 12th Result 2026...
  Scraping direct details for [result] -> AIIMS NORCET 10th Stage II Result 2026...
  Scraping direct details for [result] -> MPPSC State Eligibility Test SET 2025 Result...
  Scraping direct details for [result] -> NTA NSSNET 2026 Result / Score Card...
  Scraping direct details for [result] -> India Post GDS 2026 Third Merit List / Result...
  Scraping direct details for [result] -> MPESB MP Police ASI / HC Computer Result 2026...
  Scraping direct details for [result] -> IDBI Bank JAM, Assistant Manager Result 2026...
  Scraping direct details for [result] -> UPSC CDS I Result 2026...
  Scraping direct details for [result] -> UPSC IFS 2025 Final Result with Marks...
  Scraping direct details for [result] -> UPSC NDA I Result, Name Wise List 2026...
  Scraping direct details for [answer-key] -> JEE Advanced 2026 Question Paper...
  [Detail Scrape Error] Failed for https://result.bsehexam2017.in/delta-xmarch/MainResult.aspx: ('Connection aborted.', ConnectionResetError(104, 'Connection reset by peer'))
  Scraping direct details for [answer-key] -> UPSSSC Lekhpal Answer Key 2026...
  Scraping direct details for [answer-key] -> DSSSB Various Post Answer Key...
  Scraping direct details for [answer-key] -> NCERT LDC Answer Key 2026...
  Scraping direct details for [answer-key] -> MPESB Nursing Officer, Sister Tutor Answer Key 2026...
  Scraping direct details for [answer-key] -> CTET February 2026 Certificate Download...
  Scraping direct details for [answer-key] -> NTA CSIR NET December 2025 E Certificate...
  Scraping direct details for [answer-key] -> NTA UGC NET December 2025 E Certificate Download...
  Scraping direct details for [answer-key] -> NTA UGC NET December 2024 E Certificate Download...
  Scraping direct details for [important] -> CTET February 2026 Certificate Download...
  Scraping direct details for [important] -> NTA CSIR NET December 2025 E Certificate...
  Scraping direct details for [important] -> NTA UGC NET December 2025 E Certificate Download...
  Scraping direct details for [important] -> NTA UGC NET December 2024 E Certificate Download...
  Scraping direct details for [admit-card] -> UPPSC Assistant Professor 2025 Admit Card...
  [Detail Scrape Error] Failed for https://tinyurl.com/ruzb5sr6: ('Connection aborted.', ConnectionResetError(104, 'Connection reset by peer'))
  Scraping direct details for [admit-card] -> Railway RRB Junior Engineer CEN 05/2025 CBT II Exam Date...
  Scraping direct details for [admit-card] -> MPESB ASI, Subedar Skill Test Admit Card 2026...
  Scraping direct details for [admit-card] -> MPESB Vanrakshak, Jail Prahari New Exam Date 2026...
  Scraping direct details for [admit-card] -> CSBC Bihar Police Prohibition Constable, Jail Warden & Mobile Squad Constable Exam Date 2026...
  Scraping direct details for [admit-card] -> CSBC Bihar Police Constable Operator Exam Date 2026...
  Scraping direct details for [admit-card] -> CSBC Bihar Police Constable Special Branch Exam Date 2026...
  Scraping direct details for [admit-card] -> Allahabad High Court HJS 2023 Mains Exam Date...
  Scraping direct details for [admit-card] -> IMU CET Admit Card 2026...
  Scraping direct details for [admit-card] -> UPSSSC Lekhpal 2025 Mains Admit Card...
  Scraping direct details for [admit-card] -> NEET UG 2026 Update Exam City Details...
  Scraping direct details for [admit-card] -> UPSC IAS / IFS Pre Admit Card 2026...
  Scraping direct details for [admit-card] -> Indian Army Agniveer CEE Admit Card 2026...
  Scraping direct details for [admit-card] -> NEET UG 2026 Re Exam Date...
  Scraping direct details for [admit-card] -> DUVASU Mathura PVT Admit Card 2026...
  Scraping direct details for [admit-card] -> BSSC Office Attendant 2022 Mains Admit Card...
  Scraping direct details for [admit-card] -> NCERT LDC Admit Card 2026...
  Scraping direct details for [admit-card] -> UP Police Sub Inspector SI DV / PST Exam Date 2026...
  Scraping direct details for [admit-card] -> BPSC 33 Civil Judge Pre Exam Date 2026...
  Scraping direct details for [admit-card] -> BPSSC Sub Inspector SI Mains Admit Card 2026...
  Scraping direct details for [admit-card] -> RPSC Sub Inspector 2021 Re Exam Date...
  Scraping direct details for [admit-card] -> BPSSC Havildar Clerk Admit Card 2026...
  Scraping direct details for [admit-card] -> Bihar ITI CAT 2026 Entrance Exam Admit Card...
  Scraping direct details for [admit-card] -> Railway RRB NTPC UG CEN 07/2025 Admit Card...
  Scraping direct details for [admit-card] -> NTA CUET UG 2026 Admit Card...
  Scraping direct details for [admit-card] -> SSC GD Constable 2025 Admit Card...
  Scraping direct details for [syllabus] -> UPSSSC UP Vidhan Bhawan Guard / Fireman Syllabus 2026...
  Scraping direct details for [syllabus] -> MPESB Nursing Officer, Sister Tutor Syllabus 2026...
  Scraping direct details for [syllabus] -> Patna High Court Technical Assistant Syllabus 2026...
  Scraping direct details for [syllabus] -> Jharkhand Teacher Eligibility Test JHTET Syllabus 2026...
  Scraping direct details for [syllabus] -> UPTET 2026 Syllabus...
  Scraping direct details for [syllabus] -> UP Self Enumeration Online Registration 2026...
  Scraping direct details for [syllabus] -> NIELIT CCC...
  Scraping direct details for [syllabus] -> MP CPCT...
  Scraping direct details for [syllabus] -> MP Rojgar Panjiyan 2025...
  Scraping direct details for [syllabus] -> UP Scholarship...
  Scraping direct details for [syllabus] -> SSC OTR...
  Scraping direct details for [important] -> UP Self Enumeration Online Registration 2026...
  Scraping direct details for [important] -> NIELIT CCC...
  Scraping direct details for [important] -> MP CPCT...
  Scraping direct details for [important] -> MP Rojgar Panjiyan 2025...
  Scraping direct details for [important] -> UP Scholarship...
  Scraping direct details for [important] -> SSC OTR...
  Scraping direct details for [latest-job] -> SSC Combined Graduate Level CGL...
  Scraping direct details for [latest-job] -> RRB ALP CEN 01/2025 Vacancy Increase...
  Scraping direct details for [latest-job] -> UP Anganwadi Hathras, Balrampur...
  Scraping direct details for [latest-job] -> MPESB Hospital Assistant...
  Scraping direct details for [latest-job] -> Jharkhand Teacher Eligibility Test JHTET...
  Scraping direct details for [latest-job] -> UPSC CDS II...
  Scraping direct details for [latest-job] -> UPSC NDA II...
  Scraping direct details for [latest-job] -> NTA UGC NET June 2026...Some characters could not be decoded, and were replaced with REPLACEMENT CHARACTER.
Some characters could not be decoded, and were replaced with REPLACEMENT CHARACTER.
Some characters could not be decoded, and were replaced with REPLACEMENT CHARACTER.
Some characters could not be decoded, and were replaced with REPLACEMENT CHARACTER.

  Scraping direct details for [latest-job] -> AFCAT 02/2026...
  Scraping direct details for [latest-job] -> Railway SECR Nagpur Apprentices...
  Scraping direct details for [latest-job] -> Railway SECR Bilaspur Apprentices...
  Scraping direct details for [latest-job] -> UPSSSC Junior Assistant, Clerk Grade II 2023 DV Document Upload...
  Scraping direct details for [latest-job] -> State Bank of India SBI Apprentices...
  Scraping direct details for [latest-job] -> Bank of Baroda Apprentices...
  Scraping direct details for [latest-job] -> Bihar Police BPSSC ASI Technical...
  Scraping direct details for [latest-job] -> UPSSSC Forest Guard...
  Scraping direct details for [latest-job] -> Railway RRB Technician CEN 02/2026...
  Scraping direct details for [latest-job] -> Navy SSC IT...
  Scraping direct details for [latest-job] -> Railway RRB ALP CEN 01/2026...
  Scraping direct details for [latest-job] -> NFL Field Representative...
  Scraping direct details for [latest-job] -> Indian Army 10+2 TES 56...
  Scraping direct details for [latest-job] -> SBI Trade Finance Officer...
  Scraping direct details for [latest-job] -> CTET September 2026...
  Scraping direct details for [latest-job] -> UPPSC APO 2025 Mains...
  Scraping direct details for [latest-job] -> Bihar BPSC 72nd CCE Pre...
  Scraping direct details for [latest-job] -> RSSB Contractual Teaching Associate...
  Scraping direct details for [latest-job] -> UPESSC Assistant Professor BEd...
  Scraping direct details for [admission] -> NTA ICAR AIEEA PG, Phd Admissions...
  Scraping direct details for [admission] -> UPCATET 2026...
  Scraping direct details for [admission] -> UPBED 2026 Correction / Edit Form...
  Scraping direct details for [admission] -> UP CAHET...
  Scraping direct details for [admission] -> Allahabad University PGAT Admissions...
  Scraping direct details for [admission] -> JEECUP 2026...
  Scraping direct details for [admission] -> Bihar 2 Year BEd Admissions...
  Scraping direct details for [admission] -> UP GNM Entrance Exam UPGET...
  Scraping direct details for [admission] -> MUIT Noida, Lucknow Admission...
  Scraping direct details for [admission] -> UP CNET 2026...
  Scraping direct details for [latest-job] -> UPSSSC Cane Supervisor...
  Scraping direct details for [latest-job] -> Patna High Court District Judge...
  Scraping direct details for [latest-job] -> NFL Management Trainee...
  Scraping direct details for [latest-job] -> MPPSC Scientific Officer Biology...
  Scraping direct details for [latest-job] -> UPSSSC Assistant Statistical Officer...
  Scraping direct details for [latest-job] -> MP Guest Teacher...
  Scraping direct details for [latest-job] -> Coal India CIL Management Trainee...
  Scraping direct details for [latest-job] -> Railway SECR Raipur Apprentices...
  Scraping direct details for [latest-job] -> SSC Stenographer 2025 Option Cum Preference Form...
  Scraping direct details for [latest-job] -> Navy SSC Executive IT...
  Scraping direct details for [latest-job] -> UP Cooperative Bank UPCISB Various Post...
  Scraping direct details for [latest-job] -> BPSSC Havildar Instructor...
  Scraping direct details for [latest-job] -> Union Bank UBI Apprentices...
  Scraping direct details for [latest-job] -> RBI Officer Grade B...
  Scraping direct details for [latest-job] -> MPPSC ADPO...
  Scraping direct details for [latest-job] -> UP Anganwadi Worker...
  Scraping direct details for [latest-job] -> UPTET 2026...
  Scraping direct details for [latest-job] -> SSC Stenographer...
  Scraping direct details for [latest-job] -> RRB Ministerial and Isolated Post CEN 07/2024 Update Qualification...
  Scraping direct details for [latest-job] -> NTPC Assistant Executive Operation...
  Scraping direct details for [latest-job] -> SSC Combined Hindi Translators...
  Scraping direct details for [latest-job] -> UPSSSC UP Pollution Control Board Various Post...
  Scraping direct details for [latest-job] -> PGCIL Diploma Trainee...
  Scraping direct details for [latest-job] -> UPSSSC Havaldar Instructor...
  Scraping direct details for [latest-job] -> SSB Constable, HC, ASI, SI Edit...
  Scraping direct details for [latest-job] -> ITBP Assistant Commandant Engineer...
  Scraping direct details for [latest-job] -> LIC HFL Junior Assistant...
  Scraping direct details for [latest-job] -> Patna High Court Computer Operator Cum Typist...
  Scraping direct details for [latest-job] -> SECL Grade C Various Post...
  Scraping direct details for [latest-job] -> RBI JE Junior Engineer...
  Scraping direct details for [latest-job] -> UPSSSC Platoon Commander / Block Organizer...
  Scraping direct details for [latest-job] -> UPSSSC Assistant Boring Technician...
  Scraping direct details for [latest-job] -> Bihar BTSC Instructor...
  Scraping direct details for [latest-job] -> SSC Selection Post 14th...
  Scraping direct details for [latest-job] -> Chandigarh Clerk, Steno...
  Scraping direct details for [latest-job] -> SSC GD Constable 2025 Choose Exam Week Preferences...
  Scraping direct details for [latest-job] -> UPSSSC UP Vidhan Bhawan Guard / Fireman...
  Scraping direct details for [latest-job] -> ICSIL DEO, MTS...
  Scraping direct details for [latest-job] -> NPCIL Executive Trainee ET...
  Scraping direct details for [latest-job] -> Army SSC RVC Veterinary Graduates...
  Scraping direct details for [latest-job] -> NCL HEMM Operator, Staff Nurse, Overseer Civil...
  Scraping direct details for [latest-job] -> UPSSSC Various Post...
  Scraping direct details for [latest-job] -> BTSC Laboratory Assistant...
  Scraping direct details for [latest-job] -> CRPF Constable Tradesman...
  Scraping direct details for [latest-job] -> Indian Bank Specialist Officer SO...
  [Detail Scrape Error] Failed for https://www.sarkariresult.com/2026/ctet-feb-2026/: HTTPSConnectionPool(host='www.sarkariresult.com', port=443): Read timed out. (read timeout=8)
Scraped successfully! Generated data.js with 164 active live listings.
=== Job Scrape Finished: Fri May 22 02:43:43 AM IST 2026 ===

